INFO  2020-06-04 01:44:22 [main] core.Commands (Commands.java:60) - Index: 0, Size: 0
INFO  2020-06-04 01:44:22 [main] commandListeners.MainClientListener (MainClientListener.java:28) - null
INFO  2020-06-04 01:55:04 [main] core.Commands (Commands.java:60) - Index: 0, Size: 0
INFO  2020-06-04 01:55:04 [main] commandListeners.BaseListener (BaseListener.java:55) - null
INFO  2020-06-04 01:58:16 [main] core.Commands (Commands.java:60) - Index: 0, Size: 0
INFO  2020-06-04 01:58:16 [main] commandListeners.BaseListener (BaseListener.java:52) - null
INFO  2020-06-04 02:07:09 [main] core.Commands (Commands.java:60) - Index: 0, Size: 0
INFO  2020-06-04 02:07:09 [main] commandListeners.BaseListener (BaseListener.java:53) - null
INFO  2020-06-04 04:20:38 [main] commandListeners.BaseListener (BaseListener.java:53) - null
INFO  2020-06-04 15:20:09 [main] core.Commands (Commands.java:60) - Index: 0, Size: 0
INFO  2020-06-04 15:21:36 [main] core.Commands (Commands.java:60) - Index: 0, Size: 0
INFO  2020-06-04 15:22:33 [main] core.Commands (Commands.java:60) - Index: 0, Size: 0
INFO  2020-06-04 15:23:22 [main] core.Commands (Commands.java:60) - Index: 0, Size: 0
INFO  2020-06-04 15:24:44 [main] core.Commands (Commands.java:60) - Index: 0, Size: 0
INFO  2020-06-04 15:24:44 [main] commandListeners.BaseListener (BaseListener.java:52) - null
INFO  2020-06-04 15:32:42 [main] core.Commands (Commands.java:60) - Index: 0, Size: 0
INFO  2020-06-04 19:11:57 [main] commandListeners.CrudCommandListener (CrudCommandListener.java:62) - [Ljava.lang.StackTraceElement;@f2f2cc1
INFO  2020-06-04 19:12:37 [main] commandListeners.CrudCommandListener (CrudCommandListener.java:62) - [Ljava.lang.StackTraceElement;@657c8ad9
INFO  2020-06-04 19:24:49 [main] commands.ConnectionCmd (ConnectionCmd.java:39) - [Ljava.lang.StackTraceElement;@657c8ad9
INFO  2020-06-04 19:26:21 [main] commands.ConnectionCmd (ConnectionCmd.java:43) - [Ljava.lang.StackTraceElement;@657c8ad9
INFO  2020-06-04 19:30:28 [main] commands.ConnectionCmd (ConnectionCmd.java:43) - [Ljava.lang.StackTraceElement;@5db45159
INFO  2020-06-04 19:48:15 [main] commands.ConnectionCmd (ConnectionCmd.java:43) - [Ljava.lang.StackTraceElement;@527e5409
